<?xml version="1.0" encoding="UTF-8"?>
<!-- Generated by org.testng.reporters.JUnitXMLReporter -->
<testsuite hostname="Mir-PC" ignored="0" name="TestB" tests="2" failures="0" timestamp="06 Jun 2019 00:02:09 GMT" time="9.527" errors="0">
  <testcase name="testB" time="7.5" classname="com.qtpselenium.core.ddf.testcases.DummyTestB5"/>
  <testcase name="testB" time="0.001" classname="com.qtpselenium.core.ddf.testcases.DummyTestB5">
    <skipped/>
  </testcase> <!-- testB -->
</testsuite> <!-- TestB -->
